0 info it worked if it ends with ok
1 verbose cli [ '/usr/bin/node', '/usr/bin/npm', 'publish' ]
2 info using npm@3.5.2
3 info using node@v8.10.0
4 verbose publish [ '.' ]
5 silly cache add args [ '.', null ]
6 verbose cache add spec .
7 silly cache add parsed spec Result {
7 silly cache add   raw: '.',
7 silly cache add   scope: null,
7 silly cache add   name: null,
7 silly cache add   rawSpec: '.',
7 silly cache add   spec: '/home/sergei/projects/presentation',
7 silly cache add   type: 'directory' }
8 verbose addLocalDirectory /home/sergei/.npm/shower/0.1.0/package.tgz not in flight; packing
9 info lifecycle shower@0.1.0~prepublish: shower@0.1.0
10 silly lifecycle shower@0.1.0~prepublish: no script for prepublish, continuing
11 verbose tar pack [ '/home/sergei/.npm/shower/0.1.0/package.tgz',
11 verbose tar pack   '/home/sergei/projects/presentation' ]
12 verbose tarball /home/sergei/.npm/shower/0.1.0/package.tgz
13 verbose folder /home/sergei/projects/presentation
14 verbose addLocalTarball adding from inside cache /home/sergei/.npm/shower/0.1.0/package.tgz
15 silly cache afterAdd shower@0.1.0
16 verbose afterAdd /home/sergei/.npm/shower/0.1.0/package/package.json not in flight; writing
17 verbose afterAdd /home/sergei/.npm/shower/0.1.0/package/package.json written
18 silly publish { name: 'shower',
18 silly publish   description: 'Shower HTML presentation engine',
18 silly publish   version: '0.1.0',
18 silly publish   author: { name: 'Vadim Makeev', url: 'https://pepelsbey.net/' },
18 silly publish   homepage: 'https://github.com/shower/shower',
18 silly publish   repository: { type: 'git', url: 'git://github.com/shower/shower.git' },
18 silly publish   bugs: { url: 'http://github.com/shower/shower/issues' },
18 silly publish   license: 'MIT',
18 silly publish   keywords: [ 'shower', 'presentation', 'template' ],
18 silly publish   files: [ 'pictures/**', 'index.html', 'LICENSE.md', 'README.md' ],
18 silly publish   dependencies:
18 silly publish    { 'shower-core': '^2.1.0',
18 silly publish      'shower-material': '^2.1.4',
18 silly publish      'shower-ribbon': '^3.1.4' },
18 silly publish   devDependencies:
18 silly publish    { 'browser-sync': '^2.24.7',
18 silly publish      del: '^3.0.0',
18 silly publish      'gh-pages': '^2.0.0',
18 silly publish      gulp: '^4.0.0',
18 silly publish      'gulp-rename': '^1.2.2',
18 silly publish      'gulp-replace': '^1.0.0',
18 silly publish      'gulp-zip': '^4.0.0',
18 silly publish      'merge-stream': '^1.0.0',
18 silly publish      'path-exists-cli': '^1.0.0',
18 silly publish      'shower-cli': '^0.2.3' },
18 silly publish   scripts:
18 silly publish    { pdf: 'shower pdf',
18 silly publish      start: 'gulp serve',
18 silly publish      prepare: 'gulp prepare',
18 silly publish      archive: 'gulp archive',
18 silly publish      publish: 'gulp publish',
18 silly publish      test: 'npm run prepare && ls prepared && npm run archive && path-exists archive.zip' },
18 silly publish   readme: '# Presentation for test lesson\n',
18 silly publish   readmeFilename: 'README.md',
18 silly publish   gitHead: '5a4a7568faaf057ddcb14b80a64d9ac4caf943ea',
18 silly publish   _id: 'shower@0.1.0',
18 silly publish   _shasum: '3317c23ea3fb5a86b92a5922fb7b3b6a009813e5',
18 silly publish   _from: '.' }
19 verbose getPublishConfig undefined
20 silly mapToRegistry name shower
21 silly mapToRegistry using default registry
22 silly mapToRegistry registry https://registry.npmjs.org/
23 silly mapToRegistry uri https://registry.npmjs.org/shower
24 verbose publish registryBase https://registry.npmjs.org/
25 silly publish uploading /home/sergei/.npm/shower/0.1.0/package.tgz
26 verbose stack Error: auth required for publishing
26 verbose stack     at CachingRegistryClient.publish (/usr/share/npm/node_modules/npm-registry-client/lib/publish.js:30:14)
26 verbose stack     at /usr/share/npm/lib/publish.js:137:14
26 verbose stack     at mapToRegistry (/usr/share/npm/lib/utils/map-to-registry.js:55:3)
26 verbose stack     at publish_ (/usr/share/npm/lib/publish.js:106:3)
26 verbose stack     at Array.<anonymous> (/usr/share/npm/node_modules/slide/lib/bind-actor.js:15:8)
26 verbose stack     at LOOP (/usr/share/npm/node_modules/slide/lib/chain.js:15:14)
26 verbose stack     at LOOP (/usr/share/npm/node_modules/slide/lib/chain.js:14:28)
26 verbose stack     at chain (/usr/share/npm/node_modules/slide/lib/chain.js:20:5)
26 verbose stack     at /usr/share/npm/lib/publish.js:72:5
26 verbose stack     at RES (/usr/share/npm/node_modules/inflight/inflight.js:23:14)
27 verbose cwd /home/sergei/projects/presentation
28 error Linux 4.15.0-38-generic
29 error argv "/usr/bin/node" "/usr/bin/npm" "publish"
30 error node v8.10.0
31 error npm  v3.5.2
32 error code ENEEDAUTH
33 error need auth auth required for publishing
34 error need auth You need to authorize this machine using `npm adduser`
35 verbose exit [ 1, true ]
